#
# A fatal error has been detected by the Java Runtime Environment:
#
#  EXCEPTION_ACCESS_VIOLATION (0xc0000005) at pc=0x0000004800000079, pid=17796, tid=0x000000000000382c
#
# JRE version: OpenJDK Runtime Environment (8.0_242-b01) (build 1.8.0_242-release-1644-b01)
# Java VM: OpenJDK 64-Bit Server VM (25.242-b01 mixed mode windows-amd64 compressed oops)
# Problematic frame:
# C  0x0000004800000079
#
# Failed to write core dump. Minidumps are not enabled by default on client versions of Windows
#
# If you would like to submit a bug report, please visit:
#   
#

---------------  T H R E A D  ---------------

Current thread (0x000000001a1b4000):  JavaThread "C2 CompilerThread1" daemon [_thread_in_vm, id=14380, stack(0x000000001bf10000,0x000000001c010000)]

siginfo: ExceptionCode=0xc0000005, ExceptionInformation=0x0000000000000008 0x0000004800000079

Registers:
RAX=0x000000001a1b4000, RBX=0x0000000100975c70, RCX=0x0000000100975c70, RDX=0x0000000100975c70
RSP=0x000000001c00dc58, RBP=0x000000003518de50, RSI=0x0000000100975c70, RDI=0x0000000000000000
R8 =0x0000000100776938, R9 =0x0000000000000067, R10=0x000000003518e080, R11=0x00000000262a1ff0
R12=0x000000001a1b4000, R13=0x000000003518de50, R14=0x000000001a1b0580, R15=0x000000001a1b0630
RIP=0x0000004800000079, EFLAGS=0x0000000000010202

Top of Stack: (sp=0x000000001c00dc58)
0x000000001c00dc58:   000000005976f30c 0000000100d75c70
0x000000001c00dc68:   0000000100d75c70 000000003518de50
0x000000001c00dc78:   00000000597c911d 0000000026fa30d0
0x000000001c00dc88:   0000000059942fff 0000000000000000
0x000000001c00dc98:   0000000100d75c70 000000000000006b
0x000000001c00dca8:   000000005976f699 000000000000006a
0x000000001c00dcb8:   000000003518de50 0000000000000067
0x000000001c00dcc8:   000000001a1b0640 00000000187290b0
0x000000001c00dcd8:   000000001a1b0630 0000000000000001
0x000000001c00dce8:   000000005976b330 000000001a1b0640
0x000000001c00dcf8:   0000000100975c70 0000000000000018
0x000000001c00dd08:   000000001a1f10a0 000000001a1b0640
0x000000001c00dd18:   000000005976c291 000000001c00f5d8
0x000000001c00dd28:   00000000262a2e70 000000001a1b0630
0x000000001c00dd38:   0000000037966358 0000000000000000
0x000000001c00dd48:   000000001c00ea50 00000000360e8d01 

Instructions: (pc=0x0000004800000079)
0x0000004800000059:   
[error occurred during error reporting (printing registers, top of stack, instructions near pc), id 0xc0000005]

Register to memory mapping:

RAX=0x000000001a1b4000 is a thread
RBX=0x0000000100975c70 is pointing into metadata
RCX=0x0000000100975c70 is pointing into metadata
RDX=0x0000000100975c70 is pointing into metadata
RSP=0x000000001c00dc58 is pointing into the stack for thread: 0x000000001a1b4000
RBP=0x000000003518de50 is an unknown value
RSI=0x0000000100975c70 is pointing into metadata
RDI=0x0000000000000000 is an unknown value
R8 =0x0000000100776938 is pointing into metadata
R9 =0x0000000000000067 is an unknown value
R10=0x000000003518e080 is an unknown value
R11=0x00000000262a1ff0 is an unknown value
R12=0x000000001a1b4000 is a thread
R13=0x000000003518de50 is an unknown value
R14=0x000000001a1b0580 is an unknown value
R15=0x000000001a1b0630 is an unknown value


Stack: [0x000000001bf10000,0x000000001c010000],  sp=0x000000001c00dc58,  free space=1015k
Native frames: (J=compiled Java code, j=interpreted, Vv=VM code, C=native code)
C  0x0000004800000079


Current CompileTask:
C2: 118732 17789       4       com.android.tools.r8.s.b.B::a (23 bytes)


---------------  P R O C E S S  ---------------

Java Threads: ( => current thread )
  0x000000001cdb2800 JavaThread "ForkJoinPool-2-worker-0" daemon [_thread_in_Java, id=1112, stack(0x0000000038920000,0x0000000038a20000)]
  0x000000001cdb4000 JavaThread "ForkJoinPool-2-worker-7" daemon [_thread_blocked, id=16632, stack(0x0000000038820000,0x0000000038920000)]
  0x000000001cdb5000 JavaThread "ForkJoinPool-2-worker-14" daemon [_thread_blocked, id=1592, stack(0x0000000038720000,0x0000000038820000)]
  0x000000001eea2000 JavaThread "ForkJoinPool-2-worker-5" daemon [_thread_blocked, id=4496, stack(0x0000000038620000,0x0000000038720000)]
  0x000000001ee96000 JavaThread "ForkJoinPool-2-worker-12" daemon [_thread_blocked, id=1784, stack(0x0000000038520000,0x0000000038620000)]
  0x00000000276ac800 JavaThread "ForkJoinPool-2-worker-3" daemon [_thread_in_Java, id=9108, stack(0x0000000038420000,0x0000000038520000)]
  0x00000000276b0000 JavaThread "ForkJoinPool-2-worker-10" daemon [_thread_blocked, id=1780, stack(0x0000000038320000,0x0000000038420000)]
  0x00000000276ab800 JavaThread "ForkJoinPool-2-worker-1" daemon [_thread_blocked, id=1740, stack(0x0000000038220000,0x0000000038320000)]
  0x00000000276ad000 JavaThread "ForkJoinPool-2-worker-8" daemon [_thread_blocked, id=10744, stack(0x0000000038120000,0x0000000038220000)]
  0x00000000276ab000 JavaThread "ForkJoinPool-2-worker-15" daemon [_thread_blocked, id=8888, stack(0x0000000038020000,0x0000000038120000)]
  0x00000000276b1000 JavaThread "ForkJoinPool-2-worker-6" daemon [_thread_in_vm, id=9012, stack(0x0000000037f20000,0x0000000038020000)]
  0x00000000276ae800 JavaThread "ForkJoinPool-2-worker-13" daemon [_thread_blocked, id=8884, stack(0x0000000037e20000,0x0000000037f20000)]
  0x00000000276ae000 JavaThread "ForkJoinPool-2-worker-4" daemon [_thread_blocked, id=8784, stack(0x0000000037d20000,0x0000000037e20000)]
  0x00000000276aa000 JavaThread "ForkJoinPool-2-worker-11" daemon [_thread_blocked, id=8940, stack(0x0000000037c20000,0x0000000037d20000)]
  0x00000000276af800 JavaThread "ForkJoinPool-2-worker-2" daemon [_thread_blocked, id=12324, stack(0x0000000037b20000,0x0000000037c20000)]
  0x00000000276a6800 JavaThread "ForkJoinPool-2-worker-9" daemon [_thread_blocked, id=5028, stack(0x0000000036510000,0x0000000036610000)]
  0x000000001f00a800 JavaThread "WorkerExecutor Queue Thread 17" [_thread_blocked, id=16908, stack(0x0000000037420000,0x0000000037520000)]
  0x000000001f007000 JavaThread "WorkerExecutor Queue Thread 16" [_thread_blocked, id=17112, stack(0x0000000037320000,0x0000000037420000)]
  0x000000001f006000 JavaThread "WorkerExecutor Queue Thread 15" [_thread_blocked, id=16420, stack(0x0000000037220000,0x0000000037320000)]
  0x000000001f009000 JavaThread "WorkerExecutor Queue Thread 14" [_thread_blocked, id=5564, stack(0x0000000037120000,0x0000000037220000)]
  0x000000001f00a000 JavaThread "WorkerExecutor Queue Thread 13" [_thread_blocked, id=16404, stack(0x0000000037020000,0x0000000037120000)]
  0x000000001f008800 JavaThread "WorkerExecutor Queue Thread 12" [_thread_blocked, id=13664, stack(0x0000000036f20000,0x0000000037020000)]
  0x000000001effe800 JavaThread "WorkerExecutor Queue Thread 11" [_thread_blocked, id=15356, stack(0x0000000036e20000,0x0000000036f20000)]
  0x000000001f005800 JavaThread "WorkerExecutor Queue Thread 10" [_thread_blocked, id=14856, stack(0x0000000036d20000,0x0000000036e20000)]
  0x000000001effd800 JavaThread "WorkerExecutor Queue Thread 9" [_thread_blocked, id=17828, stack(0x0000000036c20000,0x0000000036d20000)]
  0x000000001f004800 JavaThread "WorkerExecutor Queue Thread 8" [_thread_blocked, id=18140, stack(0x0000000036b20000,0x0000000036c20000)]
  0x000000001f003000 JavaThread "WorkerExecutor Queue Thread 7" [_thread_blocked, id=11624, stack(0x0000000036a20000,0x0000000036b20000)]
  0x000000001f002800 JavaThread "WorkerExecutor Queue Thread 6" [_thread_blocked, id=17552, stack(0x0000000036920000,0x0000000036a20000)]
  0x000000002223c000 JavaThread "WorkerExecutor Queue Thread 5" [_thread_blocked, id=2940, stack(0x0000000036820000,0x0000000036920000)]
  0x000000002223b000 JavaThread "WorkerExecutor Queue Thread 4" [_thread_in_vm, id=9344, stack(0x0000000036720000,0x0000000036820000)]
  0x0000000022238000 JavaThread "WorkerExecutor Queue Thread 3" [_thread_blocked, id=14092, stack(0x0000000036620000,0x0000000036720000)]
  0x0000000022239800 JavaThread "stdout" [_thread_in_native, id=6412, stack(0x0000000036200000,0x0000000036300000)]
  0x0000000022237800 JavaThread "stderr" [_thread_in_native, id=1016, stack(0x0000000036100000,0x0000000036200000)]
  0x0000000022239000 JavaThread "pool-6-thread-1" [_thread_blocked, id=2032, stack(0x0000000034c90000,0x0000000034d90000)]
  0x0000000022236000 JavaThread "WorkerExecutor Queue Thread 2" [_thread_blocked, id=17008, stack(0x0000000034df0000,0x0000000034ef0000)]
  0x0000000022234800 JavaThread "WorkerExecutor Queue" [_thread_in_native, id=17276, stack(0x0000000034990000,0x0000000034a90000)]
  0x0000000022235000 JavaThread "Cache worker for execution history cache (C:\Users\My Build\AndroidStudioProjects\WeatherNotice\.gradle\6.5\executionHistory)" [_thread_blocked, id=7636, stack(0x0000000034890000,0x0000000034990000)]
  0x0000000022233800 JavaThread "Execution worker for ':' Thread 15" [_thread_blocked, id=7672, stack(0x0000000034790000,0x0000000034890000)]
  0x0000000022230800 JavaThread "Execution worker for ':' Thread 14" [_thread_blocked, id=4056, stack(0x0000000034690000,0x0000000034790000)]
  0x0000000022233000 JavaThread "Execution worker for ':' Thread 13" [_thread_blocked, id=3984, stack(0x0000000034590000,0x0000000034690000)]
  0x0000000022236800 JavaThread "Execution worker for ':' Thread 12" [_thread_blocked, id=7640, stack(0x0000000034490000,0x0000000034590000)]
  0x0000000025ccb000 JavaThread "Execution worker for ':' Thread 11" [_thread_blocked, id=7632, stack(0x0000000034390000,0x0000000034490000)]
  0x0000000025cca800 JavaThread "Execution worker for ':' Thread 10" [_thread_blocked, id=7904, stack(0x0000000034290000,0x0000000034390000)]
  0x0000000025cc9000 JavaThread "Execution worker for ':' Thread 9" [_thread_blocked, id=15736, stack(0x0000000034190000,0x0000000034290000)]
  0x0000000025cce800 JavaThread "Execution worker for ':' Thread 8" [_thread_blocked, id=13212, stack(0x0000000034090000,0x0000000034190000)]
  0x0000000025ccd800 JavaThread "Execution worker for ':' Thread 7" [_thread_blocked, id=10152, stack(0x0000000033f90000,0x0000000034090000)]
  0x0000000025cc7800 JavaThread "Execution worker for ':' Thread 6" [_thread_blocked, id=10168, stack(0x0000000033e90000,0x0000000033f90000)]
  0x0000000025cc9800 JavaThread "Execution worker for ':' Thread 5" [_thread_blocked, id=5048, stack(0x0000000033d90000,0x0000000033e90000)]
  0x0000000025cc8000 JavaThread "Execution worker for ':' Thread 4" [_thread_blocked, id=4072, stack(0x0000000033c90000,0x0000000033d90000)]
  0x0000000025ccd000 JavaThread "Execution worker for ':' Thread 3" [_thread_blocked, id=3588, stack(0x0000000033b90000,0x0000000033c90000)]
  0x0000000025cc6800 JavaThread "Execution worker for ':' Thread 2" [_thread_blocked, id=5052, stack(0x00000000320b0000,0x00000000321b0000)]
  0x0000000025ccc000 JavaThread "Execution worker for ':'" [_thread_blocked, id=6096, stack(0x0000000031560000,0x0000000031660000)]
  0x0000000025cbf000 JavaThread "Cache worker for file content cache (C:\Users\My Build\AndroidStudioProjects\WeatherNotice\.gradle\6.5\fileContent)" [_thread_blocked, id=6332, stack(0x0000000029c30000,0x0000000029d30000)]
  0x0000000025cc5000 JavaThread "Cache worker for Build Output Cleanup Cache (C:\Users\My Build\AndroidStudioProjects\WeatherNotice\.gradle\buildOutputCleanup)" [_thread_blocked, id=3404, stack(0x0000000029b30000,0x0000000029c30000)]
  0x0000000025cc4800 JavaThread "Build operations Thread 16" [_thread_blocked, id=3692, stack(0x0000000029a30000,0x0000000029b30000)]
  0x0000000025cc0800 JavaThread "Build operations Thread 15" [_thread_blocked, id=9396, stack(0x0000000029930000,0x0000000029a30000)]
  0x0000000025cbd000 JavaThread "Build operations Thread 14" [_thread_blocked, id=8840, stack(0x0000000029830000,0x0000000029930000)]
  0x0000000025cc3800 JavaThread "Build operations Thread 13" [_thread_blocked, id=10140, stack(0x0000000029730000,0x0000000029830000)]
  0x0000000025cbe800 JavaThread "Build operations Thread 12" [_thread_blocked, id=9464, stack(0x0000000029630000,0x0000000029730000)]
  0x0000000025cbc000 JavaThread "Build operations Thread 11" [_thread_blocked, id=18304, stack(0x0000000029530000,0x0000000029630000)]
  0x0000000025cc3000 JavaThread "Build operations Thread 10" [_thread_blocked, id=2840, stack(0x0000000029430000,0x0000000029530000)]
  0x0000000025cc1800 JavaThread "Build operations Thread 9" [_thread_blocked, id=4584, stack(0x0000000029330000,0x0000000029430000)]
  0x0000000025cbb800 JavaThread "Build operations Thread 8" [_thread_blocked, id=2904, stack(0x0000000029230000,0x0000000029330000)]
  0x0000000025cc2000 JavaThread "Build operations Thread 7" [_thread_blocked, id=5676, stack(0x0000000029130000,0x0000000029230000)]
  0x0000000025cbd800 JavaThread "Build operations Thread 6" [_thread_blocked, id=5680, stack(0x0000000029030000,0x0000000029130000)]
  0x0000000025cb4000 JavaThread "Build operations Thread 5" [_thread_blocked, id=2828, stack(0x0000000028f30000,0x0000000029030000)]
  0x0000000025cb5800 JavaThread "Build operations Thread 4" [_thread_blocked, id=2824, stack(0x0000000027e50000,0x0000000027f50000)]
  0x0000000025cba000 JavaThread "Build operations Thread 3" [_thread_blocked, id=2808, stack(0x0000000027b00000,0x0000000027c00000)]
  0x0000000025cb9000 JavaThread "Build operations Thread 2" [_thread_blocked, id=9992, stack(0x0000000025440000,0x0000000025540000)]
  0x0000000025cba800 JavaThread "Build operations" [_thread_blocked, id=2888, stack(0x0000000024b40000,0x0000000024c40000)]
  0x0000000025cb8800 JavaThread "Cache worker for cache directory md-rule (C:\Users\My Build\AndroidStudioProjects\android-location-services-using-livedata-lifecycle-components\caches\6.5\md-rule)" [_thread_blocked, id=2884, stack(0x0000000023240000,0x0000000023340000)]
  0x0000000025cb1000 JavaThread "Cache worker for cache directory md-supplier (C:\Users\My Build\AndroidStudioProjects\android-location-services-using-livedata-lifecycle-components\caches\6.5\md-supplier)" [_thread_blocked, id=9788, stack(0x00000000208a0000,0x00000000209a0000)]
  0x0000000025cb7800 JavaThread "Cache worker for checksums cache (C:\Users\My Build\AndroidStudioProjects\WeatherNotice\.gradle\checksums)" [_thread_blocked, id=12444, stack(0x00000000207a0000,0x00000000208a0000)]
  0x0000000025cb1800 JavaThread "Cache worker for file hash cache (C:\Users\My Build\AndroidStudioProjects\WeatherNotice\.gradle\6.5\fileHashes)" [_thread_blocked, id=2744, stack(0x00000000206a0000,0x00000000207a0000)]
  0x0000000025cb0000 JavaThread "Thread-254" [_thread_blocked, id=8856, stack(0x00000000204a0000,0x00000000205a0000)]
  0x0000000025caf800 JavaThread "Stdin handler" [_thread_blocked, id=10084, stack(0x00000000203a0000,0x00000000204a0000)]
  0x0000000025cb2800 JavaThread "Asynchronous log dispatcher for DefaultDaemonConnection: socket connection from /127.0.0.1:59477 to /127.0.0.1:59519" [_thread_blocked, id=6320, stack(0x0000000001500000,0x0000000001600000)]
  0x0000000025cb4800 JavaThread "Cancel handler" [_thread_blocked, id=10144, stack(0x0000000001400000,0x0000000001500000)]
  0x0000000025cb3000 JavaThread "Handler for socket connection from /127.0.0.1:59477 to /127.0.0.1:59519" [_thread_in_native, id=2740, stack(0x00000000011f0000,0x00000000012f0000)]
  0x000000001efff800 JavaThread "Memory manager" [_thread_blocked, id=16932, stack(0x0000000030430000,0x0000000030530000)]
  0x00000000276a5800 JavaThread "jar transforms Thread 114" [_thread_blocked, id=15116, stack(0x000000002fd30000,0x000000002fe30000)]
  0x00000000276a5000 JavaThread "jar transforms Thread 113" [_thread_blocked, id=10216, stack(0x000000002fc30000,0x000000002fd30000)]
  0x00000000276a7000 JavaThread "jar transforms Thread 112" [_thread_blocked, id=16280, stack(0x000000002fb30000,0x000000002fc30000)]
  0x00000000276a8800 JavaThread "jar transforms Thread 111" [_thread_blocked, id=13140, stack(0x000000002fa30000,0x000000002fb30000)]
  0x00000000276a2800 JavaThread "jar transforms Thread 110" [_thread_blocked, id=15520, stack(0x000000002f930000,0x000000002fa30000)]
  0x00000000276a4000 JavaThread "jar transforms Thread 109" [_thread_blocked, id=13032, stack(0x000000002f830000,0x000000002f930000)]
  0x00000000276a3800 JavaThread "jar transforms Thread 108" [_thread_blocked, id=15644, stack(0x000000002f730000,0x000000002f830000)]
  0x00000000276a8000 JavaThread "jar transforms Thread 107" [_thread_blocked, id=13200, stack(0x000000002f630000,0x000000002f730000)]
  0x0000000022f8f000 JavaThread "jar transforms Thread 106" [_thread_blocked, id=15260, stack(0x000000002f530000,0x000000002f630000)]
  0x0000000022f91800 JavaThread "jar transforms Thread 105" [_thread_blocked, id=4508, stack(0x000000002f430000,0x000000002f530000)]
  0x0000000022f90800 JavaThread "jar transforms Thread 104" [_thread_blocked, id=16492, stack(0x000000002f330000,0x000000002f430000)]
  0x0000000022f8d800 JavaThread "jar transforms Thread 103" [_thread_blocked, id=15704, stack(0x000000002f230000,0x000000002f330000)]
  0x0000000022f8c000 JavaThread "jar transforms Thread 102" [_thread_blocked, id=16260, stack(0x000000002f130000,0x000000002f230000)]
  0x0000000022f8e800 JavaThread "jar transforms Thread 101" [_thread_blocked, id=16692, stack(0x000000002f030000,0x000000002f130000)]
  0x0000000022f90000 JavaThread "jar transforms Thread 100" [_thread_blocked, id=16128, stack(0x000000002ee30000,0x000000002ef30000)]
  0x0000000022f8d000 JavaThread "jar transforms Thread 99" [_thread_blocked, id=16856, stack(0x000000002ed30000,0x000000002ee30000)]
  0x0000000022f84800 JavaThread "jar transforms Thread 98" [_thread_blocked, id=13164, stack(0x000000002ec30000,0x000000002ed30000)]
  0x0000000022f85800 JavaThread "jar transforms Thread 97" [_thread_blocked, id=10828, stack(0x000000002eb30000,0x000000002ec30000)]
  0x0000000022f8b800 JavaThread "jar transforms Thread 96" [_thread_blocked, id=1996, stack(0x000000002ea30000,0x000000002eb30000)]
  0x0000000022f8a000 JavaThread "jar transforms Thread 95" [_thread_blocked, id=14708, stack(0x000000002e930000,0x000000002ea30000)]
  0x0000000022f8a800 JavaThread "jar transforms Thread 94" [_thread_blocked, id=2772, stack(0x000000002e830000,0x000000002e930000)]
  0x0000000022f82800 JavaThread "jar transforms Thread 93" [_thread_blocked, id=16732, stack(0x000000002e730000,0x000000002e830000)]
  0x0000000022f87800 JavaThread "jar transforms Thread 92" [_thread_blocked, id=2768, stack(0x000000002e630000,0x000000002e730000)]
  0x0000000022f83000 JavaThread "jar transforms Thread 91" [_thread_blocked, id=13064, stack(0x000000002e530000,0x000000002e630000)]
  0x0000000022f84000 JavaThread "jar transforms Thread 90" [_thread_blocked, id=13144, stack(0x000000002e430000,0x000000002e530000)]
  0x0000000022f86000 JavaThread "jar transforms Thread 89" [_thread_blocked, id=5412, stack(0x000000002e330000,0x000000002e430000)]
  0x0000000022f89000 JavaThread "jar transforms Thread 88" [_thread_blocked, id=16216, stack(0x000000002e230000,0x000000002e330000)]
  0x0000000022f87000 JavaThread "jar transforms Thread 87" [_thread_blocked, id=16868, stack(0x000000002e130000,0x000000002e230000)]
  0x0000000022f88800 JavaThread "jar transforms Thread 86" [_thread_blocked, id=5540, stack(0x000000002e030000,0x000000002e130000)]
  0x00000000281bb800 JavaThread "jar transforms Thread 85" [_thread_blocked, id=13152, stack(0x000000002df30000,0x000000002e030000)]
  0x00000000281ba000 JavaThread "jar transforms Thread 84" [_thread_blocked, id=13532, stack(0x000000002de30000,0x000000002df30000)]
  0x00000000281bd000 JavaThread "jar transforms Thread 83" [_thread_blocked, id=15552, stack(0x000000002dd30000,0x000000002de30000)]
  0x00000000281bc800 JavaThread "jar transforms Thread 82" [_thread_blocked, id=16616, stack(0x000000002dc30000,0x000000002dd30000)]
  0x00000000281b9800 JavaThread "jar transforms Thread 81" [_thread_blocked, id=12132, stack(0x000000002db30000,0x000000002dc30000)]
  0x00000000281b8000 JavaThread "jar transforms Thread 80" [_thread_blocked, id=13452, stack(0x000000002da30000,0x000000002db30000)]
  0x00000000281b8800 JavaThread "jar transforms Thread 79" [_thread_blocked, id=3032, stack(0x000000002d930000,0x000000002da30000)]
  0x00000000281b4000 JavaThread "jar transforms Thread 78" [_thread_blocked, id=7268, stack(0x000000002d830000,0x000000002d930000)]
  0x00000000281b7000 JavaThread "jar transforms Thread 77" [_thread_blocked, id=15872, stack(0x000000002d730000,0x000000002d830000)]
  0x00000000281b6800 JavaThread "jar transforms Thread 76" [_thread_blocked, id=17732, stack(0x000000002d630000,0x000000002d730000)]
  0x00000000281b5800 JavaThread "jar transforms Thread 75" [_thread_blocked, id=17312, stack(0x000000002d530000,0x000000002d630000)]
  0x00000000281bb000 JavaThread "jar transforms Thread 74" [_thread_blocked, id=13740, stack(0x000000002d430000,0x000000002d530000)]
  0x00000000281ae000 JavaThread "jar transforms Thread 73" [_thread_blocked, id=13180, stack(0x000000002d330000,0x000000002d430000)]
  0x00000000281b2000 JavaThread "jar transforms Thread 72" [_thread_blocked, id=7776, stack(0x000000002d230000,0x000000002d330000)]
  0x00000000281b1000 JavaThread "jar transforms Thread 71" [_thread_blocked, id=16604, stack(0x000000002d130000,0x000000002d230000)]
  0x00000000281af000 JavaThread "jar transforms Thread 70" [_thread_blocked, id=10620, stack(0x000000002d030000,0x000000002d130000)]
  0x00000000281b5000 JavaThread "jar transforms Thread 69" [_thread_blocked, id=15668, stack(0x000000002cf30000,0x000000002d030000)]
  0x00000000281b0800 JavaThread "jar transforms Thread 68" [_thread_blocked, id=18268, stack(0x000000002ce30000,0x000000002cf30000)]
  0x00000000281af800 JavaThread "jar transforms Thread 67" [_thread_blocked, id=3624, stack(0x000000002cd30000,0x000000002ce30000)]
  0x00000000281b3800 JavaThread "jar transforms Thread 66" [_thread_blocked, id=13504, stack(0x000000002cc30000,0x000000002cd30000)]
  0x00000000281b2800 JavaThread "jar transforms Thread 65" [_thread_blocked, id=18428, stack(0x000000002cb30000,0x000000002cc30000)]
  0x00000000258f7800 JavaThread "jar transforms Thread 64" [_thread_blocked, id=5356, stack(0x000000002ca30000,0x000000002cb30000)]
  0x00000000258fd000 JavaThread "jar transforms Thread 63" [_thread_blocked, id=12548, stack(0x000000002c930000,0x000000002ca30000)]
  0x00000000258fe800 JavaThread "jar transforms Thread 62" [_thread_blocked, id=12908, stack(0x000000002c830000,0x000000002c930000)]
  0x00000000258fb800 JavaThread "jar transforms Thread 61" [_thread_blocked, id=14040, stack(0x000000002c730000,0x000000002c830000)]
  0x00000000258f8800 JavaThread "jar transforms Thread 60" [_thread_blocked, id=17880, stack(0x000000002c630000,0x000000002c730000)]
  0x00000000258fd800 JavaThread "jar transforms Thread 59" [_thread_blocked, id=10824, stack(0x000000002c530000,0x000000002c630000)]
  0x00000000258fa000 JavaThread "jar transforms Thread 58" [_thread_blocked, id=7132, stack(0x000000002c430000,0x000000002c530000)]
  0x00000000258fa800 JavaThread "jar transforms Thread 57" [_thread_blocked, id=15960, stack(0x000000002c330000,0x000000002c430000)]
  0x00000000258fc000 JavaThread "jar transforms Thread 56" [_thread_blocked, id=4340, stack(0x000000002c230000,0x000000002c330000)]
  0x00000000258f9000 JavaThread "jar transforms Thread 55" [_thread_blocked, id=16296, stack(0x000000002c130000,0x000000002c230000)]
  0x00000000258f0000 JavaThread "jar transforms Thread 54" [_thread_blocked, id=10960, stack(0x000000002c030000,0x000000002c130000)]
  0x00000000258f7000 JavaThread "jar transforms Thread 53" [_thread_blocked, id=16748, stack(0x000000002bf30000,0x000000002c030000)]
  0x00000000258ef800 JavaThread "jar transforms Thread 52" [_thread_blocked, id=6976, stack(0x000000002be30000,0x000000002bf30000)]
  0x00000000258f6000 JavaThread "jar transforms Thread 51" [_thread_blocked, id=14668, stack(0x000000002bd30000,0x000000002be30000)]
  0x00000000258f5800 JavaThread "jar transforms Thread 50" [_thread_blocked, id=16760, stack(0x000000002bc30000,0x000000002bd30000)]
  0x00000000258f3000 JavaThread "jar transforms Thread 49" [_thread_blocked, id=16892, stack(0x000000002bb30000,0x000000002bc30000)]
  0x00000000258f1800 JavaThread "jar transforms Thread 48" [_thread_blocked, id=1836, stack(0x000000002ba30000,0x000000002bb30000)]
  0x00000000258f2800 JavaThread "jar transforms Thread 47" [_thread_blocked, id=15472, stack(0x000000002b930000,0x000000002ba30000)]
  0x00000000258f4000 JavaThread "jar transforms Thread 46" [_thread_blocked, id=12760, stack(0x000000002b830000,0x000000002b930000)]
  0x00000000258f4800 JavaThread "jar transforms Thread 45" [_thread_blocked, id=7412, stack(0x000000002b730000,0x000000002b830000)]
  0x00000000258f1000 JavaThread "jar transforms Thread 44" [_thread_blocked, id=18264, stack(0x000000002b630000,0x000000002b730000)]
  0x0000000027170800 JavaThread "jar transforms Thread 43" [_thread_blocked, id=16084, stack(0x000000002b530000,0x000000002b630000)]
  0x000000002716d800 JavaThread "jar transforms Thread 42" [_thread_blocked, id=13428, stack(0x000000002b430000,0x000000002b530000)]
  0x000000002716e000 JavaThread "jar transforms Thread 41" [_thread_blocked, id=5088, stack(0x000000002b330000,0x000000002b430000)]
  0x000000002716f800 JavaThread "jar transforms Thread 40" [_thread_blocked, id=14308, stack(0x000000002b230000,0x000000002b330000)]
  0x000000002716b000 JavaThread "jar transforms Thread 39" [_thread_blocked, id=13684, stack(0x000000002b130000,0x000000002b230000)]
  0x000000002716f000 JavaThread "jar transforms Thread 38" [_thread_blocked, id=16944, stack(0x000000002b030000,0x000000002b130000)]
  0x000000002716c800 JavaThread "jar transforms Thread 37" [_thread_blocked, id=15420, stack(0x000000002af30000,0x000000002b030000)]
  0x000000002716c000 JavaThread "jar transforms Thread 36" [_thread_blocked, id=17072, stack(0x000000002ae30000,0x000000002af30000)]
  0x0000000027163800 JavaThread "jar transforms Thread 35" [_thread_blocked, id=16516, stack(0x000000002ad30000,0x000000002ae30000)]
  0x000000002716a800 JavaThread "jar transforms Thread 34" [_thread_blocked, id=17824, stack(0x000000002ac30000,0x000000002ad30000)]
  0x0000000027163000 JavaThread "jar transforms Thread 33" [_thread_blocked, id=13036, stack(0x000000002ab30000,0x000000002ac30000)]
  0x0000000027169800 JavaThread "jar transforms Thread 32" [_thread_blocked, id=13468, stack(0x000000002aa30000,0x000000002ab30000)]
  0x0000000027162000 JavaThread "jar transforms Thread 31" [_thread_blocked, id=2820, stack(0x000000002a930000,0x000000002aa30000)]
  0x0000000027166000 JavaThread "jar transforms Thread 30" [_thread_blocked, id=17780, stack(0x000000002a830000,0x000000002a930000)]
  0x0000000027165000 JavaThread "jar transforms Thread 29" [_thread_blocked, id=15888, stack(0x000000002a730000,0x000000002a830000)]
  0x0000000027166800 JavaThread "jar transforms Thread 28" [_thread_blocked, id=16696, stack(0x000000002a630000,0x000000002a730000)]
  0x0000000027169000 JavaThread "jar transforms Thread 27" [_thread_blocked, id=15692, stack(0x000000002a530000,0x000000002a630000)]
  0x0000000027161800 JavaThread "jar transforms Thread 26" [_thread_blocked, id=17200, stack(0x000000002a430000,0x000000002a530000)]
  0x0000000027168000 JavaThread "jar transforms Thread 25" [_thread_blocked, id=10992, stack(0x000000002a330000,0x000000002a430000)]
  0x0000000027167800 JavaThread "jar transforms Thread 24" [_thread_blocked, id=11492, stack(0x000000002a230000,0x000000002a330000)]
  0x0000000027164800 JavaThread "jar transforms Thread 23" [_thread_blocked, id=16080, stack(0x000000002a130000,0x000000002a230000)]
  0x000000002223d800 JavaThread "jar transforms Thread 22" [_thread_blocked, id=16276, stack(0x000000002a030000,0x000000002a130000)]
  0x000000002223f800 JavaThread "jar transforms Thread 21" [_thread_blocked, id=10468, stack(0x0000000029f30000,0x000000002a030000)]
  0x000000001eea1000 JavaThread "Cache worker for file content cache (C:\Users\My Build\AndroidStudioProjects\android-location-services-using-livedata-lifecycle-components\caches\6.5\fileContent)" [_thread_blocked, id=8964, stack(0x0000000025340000,0x0000000025440000)]
  0x000000001ee9d800 JavaThread "Cache worker for execution history cache (C:\Users\My Build\AndroidStudioProjects\android-location-services-using-livedata-lifecycle-components\caches\6.5\executionHistory)" [_thread_blocked, id=17324, stack(0x0000000024e40000,0x0000000024f40000)]
  0x000000001ee9c800 JavaThread "jar transforms Thread 20" [_thread_blocked, id=11908, stack(0x0000000024640000,0x0000000024740000)]
  0x000000001ee9c000 JavaThread "jar transforms Thread 19" [_thread_blocked, id=14828, stack(0x0000000024540000,0x0000000024640000)]
  0x000000001ee94800 JavaThread "jar transforms Thread 18" [_thread_blocked, id=7040, stack(0x0000000024440000,0x0000000024540000)]
  0x000000001ee9a800 JavaThread "jar transforms Thread 17" [_thread_blocked, id=15236, stack(0x0000000024340000,0x0000000024440000)]
  0x000000001ee99800 JavaThread "jar transforms Thread 16" [_thread_blocked, id=14916, stack(0x0000000024240000,0x0000000024340000)]
  0x000000001ee9b000 JavaThread "jar transforms Thread 15" [_thread_blocked, id=13936, stack(0x0000000024140000,0x0000000024240000)]
  0x000000001ee99000 JavaThread "jar transforms Thread 14" [_thread_blocked, id=11612, stack(0x0000000024040000,0x0000000024140000)]
  0x000000001ee98000 JavaThread "jar transforms Thread 13" [_thread_blocked, id=13012, stack(0x0000000023f40000,0x0000000024040000)]
  0x000000001ee96800 JavaThread "jar transforms Thread 12" [_thread_blocked, id=6672, stack(0x0000000023e40000,0x0000000023f40000)]
  0x000000001ee97800 JavaThread "jar transforms Thread 11" [_thread_blocked, id=10484, stack(0x0000000023d40000,0x0000000023e40000)]
  0x000000001ee93800 JavaThread "jar transforms Thread 10" [_thread_blocked, id=6508, stack(0x0000000023c40000,0x0000000023d40000)]
  0x000000001ee95000 JavaThread "jar transforms Thread 9" [_thread_blocked, id=13564, stack(0x0000000023b40000,0x0000000023c40000)]
  0x000000001eb68000 JavaThread "jar transforms Thread 8" [_thread_blocked, id=9860, stack(0x0000000023a40000,0x0000000023b40000)]
  0x000000001eb6a000 JavaThread "jar transforms Thread 7" [_thread_blocked, id=16352, stack(0x0000000023940000,0x0000000023a40000)]
  0x000000001eb66800 JavaThread "jar transforms Thread 6" [_thread_blocked, id=17916, stack(0x0000000023840000,0x0000000023940000)]
  0x000000001eb69800 JavaThread "jar transforms Thread 5" [_thread_blocked, id=15880, stack(0x0000000023740000,0x0000000023840000)]
  0x000000001eb65800 JavaThread "jar transforms Thread 4" [_thread_blocked, id=17044, stack(0x0000000023640000,0x0000000023740000)]
  0x000000001eb65000 JavaThread "jar transforms Thread 3" [_thread_blocked, id=15972, stack(0x0000000023540000,0x0000000023640000)]
  0x000000001eb68800 JavaThread "jar transforms Thread 2" [_thread_blocked, id=9000, stack(0x0000000023440000,0x0000000023540000)]
  0x000000001eb67000 JavaThread "jar transforms" [_thread_blocked, id=14656, stack(0x0000000023340000,0x0000000023440000)]
  0x000000001eb63800 JavaThread "Cache worker for file hash cache (C:\Users\My Build\AndroidStudioProjects\android-location-services-using-livedata-lifecycle-components\caches\6.5\fileHashes)" [_thread_blocked, id=16328, stack(0x0000000020da0000,0x0000000020ea0000)]
  0x000000001a1c3800 JavaThread "File lock request listener" [_thread_in_native, id=13700, stack(0x0000000020ca0000,0x0000000020da0000)]
  0x000000001d04d000 JavaThread "Cache worker for journal cache (C:\Users\My Build\AndroidStudioProjects\android-location-services-using-livedata-lifecycle-components\caches\journal-1)" [_thread_blocked, id=14004, stack(0x0000000020ba0000,0x0000000020ca0000)]
  0x000000001ea8d800 JavaThread "Daemon worker" [_thread_blocked, id=3672, stack(0x00000000205a0000,0x00000000206a0000)]
  0x000000001ea66800 JavaThread "Daemon" [_thread_blocked, id=15196, stack(0x00000000202a0000,0x00000000203a0000)]
  0x000000001dedc000 JavaThread "Daemon periodic checks" [_thread_blocked, id=4448, stack(0x000000001ffa0000,0x00000000200a0000)]
  0x000000001dad5800 JavaThread "Incoming local TCP Connector on port 59477" [_thread_in_native, id=7272, stack(0x000000001fd60000,0x000000001fe60000)]
  0x000000001e773000 JavaThread "Daemon health stats" [_thread_blocked, id=12432, stack(0x000000001f720000,0x000000001f820000)]
  0x000000001a2a2800 JavaThread "Service Thread" daemon [_thread_blocked, id=7224, stack(0x000000001cb10000,0x000000001cc10000)]
  0x000000001a1c8000 JavaThread "C1 CompilerThread11" daemon [_thread_in_native, id=16672, stack(0x000000001ca10000,0x000000001cb10000)]
  0x000000001a1c4000 JavaThread "C1 CompilerThread10" daemon [_thread_in_vm, id=17172, stack(0x000000001c910000,0x000000001ca10000)]
  0x000000001a1c7000 JavaThread "C1 CompilerThread9" daemon [_thread_in_vm, id=7564, stack(0x000000001c810000,0x000000001c910000)]
  0x000000001a1c6800 JavaThread "C1 CompilerThread8" daemon [_thread_in_vm, id=17104, stack(0x000000001c610000,0x000000001c710000)]
  0x000000001a1c2800 JavaThread "C2 CompilerThread7" daemon [_thread_in_native, id=13692, stack(0x000000001c510000,0x000000001c610000)]
  0x000000001a1c5800 JavaThread "C2 CompilerThread6" daemon [_thread_in_native, id=2220, stack(0x000000001c410000,0x000000001c510000)]
  0x000000001a1c5000 JavaThread "C2 CompilerThread5" daemon [_thread_in_native, id=16800, stack(0x000000001c310000,0x000000001c410000)]
  0x000000001a1c9800 JavaThread "C2 CompilerThread4" daemon [_thread_in_native, id=16148, stack(0x000000001c210000,0x000000001c310000)]
  0x000000001a1c8800 JavaThread "C2 CompilerThread3" daemon [_thread_in_native, id=15868, stack(0x000000001c110000,0x000000001c210000)]
  0x000000001a1b6000 JavaThread "C2 CompilerThread2" daemon [_thread_in_native, id=11872, stack(0x000000001c010000,0x000000001c110000)]
=>0x000000001a1b4000 JavaThread "C2 CompilerThread1" daemon [_thread_in_vm, id=14380, stack(0x000000001bf10000,0x000000001c010000)]
  0x000000001a1b2800 JavaThread "C2 CompilerThread0" daemon [_thread_in_native, id=17384, stack(0x000000001be10000,0x000000001bf10000)]
  0x000000001a1b1800 JavaThread "Attach Listener" daemon [_thread_blocked, id=16664, stack(0x000000001bd10000,0x000000001be10000)]
  0x000000001a1af000 JavaThread "Signal Dispatcher" daemon [_thread_blocked, id=12076, stack(0x000000001bc10000,0x000000001bd10000)]
  0x0000000018725000 JavaThread "Finalizer" daemon [_thread_blocked, id=9684, stack(0x000000001b9f0000,0x000000001baf0000)]
  0x000000001a196000 JavaThread "Reference Handler" daemon [_thread_blocked, id=15268, stack(0x000000001b8f0000,0x000000001b9f0000)]
  0x00000000030b2800 JavaThread "main" [_thread_blocked, id=13824, stack(0x0000000002fb0000,0x00000000030b0000)]

Other Threads:
  0x000000001a172800 VMThread [stack: 0x000000001b7f0000,0x000000001b8f0000] [id=12428]
  0x000000001a284000 WatcherThread [stack: 0x000000001cc10000,0x000000001cd10000] [id=16064]

VM state:not at safepoint (normal execution)

VM Mutex/Monitor currently owned by a thread: None

heap address: 0x0000000080000000, size: 2048 MB, Compressed Oops mode: 32-bit
Narrow klass base: 0x0000000000000000, Narrow klass shift: 3
Compressed class space size: 1073741824 Address: 0x0000000100000000

Heap:
 PSYoungGen      total 399872K, used 59287K [0x00000000d5580000, 0x00000000f7080000, 0x0000000100000000)
  eden space 363520K, 6% used [0x00000000d5580000,0x00000000d6be9a48,0x00000000eb880000)
  from space 36352K, 99% used [0x00000000eb880000,0x00000000edbfc340,0x00000000edc00000)
  to   space 57856K, 0% used [0x00000000f3800000,0x00000000f3800000,0x00000000f7080000)
 ParOldGen       total 392704K, used 119079K [0x0000000080000000, 0x0000000097f80000, 0x00000000d5580000)
  object space 392704K, 30% used [0x0000000080000000,0x0000000087449f20,0x0000000097f80000)
 Metaspace       used 100305K, capacity 107212K, committed 107520K, reserved 1142784K
  class space    used 13505K, capacity 14810K, committed 14848K, reserved 1048576K

Card table byte_map: [0x0000000012570000,0x0000000012980000] byte_map_base: 0x0000000012170000

Marking Bits: (ParMarkBitMap*) 0x0000000059f1f030
 Begin Bits: [0x0000000013930000, 0x0000000015930000)
 End Bits:   [0x0000000015930000, 0x0000000017930000)

Polling page: 0x0000000002f20000

CodeCache: size=245760Kb used=50845Kb max_used=50845Kb free=194914Kb
 bounds [0x00000000031b0000, 0x0000000006390000, 0x00000000121b0000]
 total_blobs=15786 nmethods=14896 adapters=799
 compilation: enabled

Compilation events (10 events):
Event: 118.698 Thread 0x000000001a1c7000 nmethod 17765 0x0000000005bd5850 code [0x0000000005bd59a0, 0x0000000005bd5af0]
Event: 118.698 Thread 0x000000001a1c6800 nmethod 17766 0x0000000005bd5510 code [0x0000000005bd5660, 0x0000000005bd57d0]
Event: 118.698 Thread 0x000000001a1c4000 nmethod 17793 0x0000000005bc80d0 code [0x0000000005bc82a0, 0x0000000005bc89a8]
Event: 118.698 Thread 0x000000001a1c4000 17275       3       com.android.tools.r8.s.b.k0::a (26 bytes)
Event: 118.699 Thread 0x000000001a1c5800 nmethod 17556 0x0000000005bf8150 code [0x0000000005bf83a0, 0x0000000005bfa938]
Event: 118.699 Thread 0x000000001a1c5800 17794       4       com.android.tools.r8.graph.Y::a (39 bytes)
Event: 118.699 Thread 0x000000001a1c7000 17797 %     3       com.android.tools.r8.dex.n::b @ 39 (244 bytes)
Event: 118.699 Thread 0x000000001a1c4000 nmethod 17275 0x0000000005bc73d0 code [0x0000000005bc75a0, 0x0000000005bc7d78]
Event: 118.699 Thread 0x000000001a1c6800 17777       3       com.android.tools.r8.t.a.a.a.h.r::<init> (5 bytes)
Event: 118.699 Thread 0x000000001a1c4000 17778       3       com.android.tools.r8.t.a.a.a.h.l::<init> (5 bytes)

GC Heap History (10 events):
Event: 8.786 GC heap before
{Heap before GC invocations=13 (full 3):
 PSYoungGen      total 316416K, used 316387K [0x00000000d5580000, 0x00000000ed700000, 0x0000000100000000)
  eden space 291840K, 100% used [0x00000000d5580000,0x00000000e7280000,0x00000000e7280000)
  from space 24576K, 99% used [0x00000000e7280000,0x00000000e8a78fd0,0x00000000e8a80000)
  to   space 28672K, 0% used [0x00000000ebb00000,0x00000000ebb00000,0x00000000ed700000)
 ParOldGen       total 250880K, used 41726K [0x0000000080000000, 0x000000008f500000, 0x00000000d5580000)
  object space 250880K, 16% used [0x0000000080000000,0x00000000828bfb00,0x000000008f500000)
 Metaspace       used 84472K, capacity 90072K, committed 90240K, reserved 1126400K
  class space    used 11613K, capacity 12630K, committed 12672K, reserved 1048576K
Event: 8.805 GC heap after
Heap after GC invocations=13 (full 3):
 PSYoungGen      total 357888K, used 28652K [0x00000000d5580000, 0x00000000ee880000, 0x0000000100000000)
  eden space 329216K, 0% used [0x00000000d5580000,0x00000000d5580000,0x00000000e9700000)
  from space 28672K, 99% used [0x00000000ebb00000,0x00000000ed6fb018,0x00000000ed700000)
  to   space 36864K, 0% used [0x00000000e9700000,0x00000000e9700000,0x00000000ebb00000)
 ParOldGen       total 250880K, used 52249K [0x0000000080000000, 0x000000008f500000, 0x00000000d5580000)
  object space 250880K, 20% used [0x0000000080000000,0x00000000833067f0,0x000000008f500000)
 Metaspace       used 84472K, capacity 90072K, committed 90240K, reserved 1126400K
  class space    used 11613K, capacity 12630K, committed 12672K, reserved 1048576K
}
Event: 88.327 GC heap before
{Heap before GC invocations=14 (full 3):
 PSYoungGen      total 357888K, used 357868K [0x00000000d5580000, 0x00000000ee880000, 0x0000000100000000)
  eden space 329216K, 100% used [0x00000000d5580000,0x00000000e9700000,0x00000000e9700000)
  from space 28672K, 99% used [0x00000000ebb00000,0x00000000ed6fb018,0x00000000ed700000)
  to   space 36864K, 0% used [0x00000000e9700000,0x00000000e9700000,0x00000000ebb00000)
 ParOldGen       total 250880K, used 52249K [0x0000000080000000, 0x000000008f500000, 0x00000000d5580000)
  object space 250880K, 20% used [0x0000000080000000,0x00000000833067f0,0x000000008f500000)
 Metaspace       used 89791K, capacity 95866K, committed 96000K, reserved 1132544K
  class space    used 12100K, capacity 13231K, committed 13312K, reserved 1048576K
Event: 88.343 GC heap after
Heap after GC invocations=14 (full 3):
 PSYoungGen      total 366080K, used 14357K [0x00000000d5580000, 0x00000000f0500000, 0x0000000100000000)
  eden space 329216K, 0% used [0x00000000d5580000,0x00000000d5580000,0x00000000e9700000)
  from space 36864K, 38% used [0x00000000e9700000,0x00000000ea505510,0x00000000ebb00000)
  to   space 34816K, 0% used [0x00000000ee300000,0x00000000ee300000,0x00000000f0500000)
 ParOldGen       total 250880K, used 79742K [0x0000000080000000, 0x000000008f500000, 0x00000000d5580000)
  object space 250880K, 31% used [0x0000000080000000,0x0000000084ddf830,0x000000008f500000)
 Metaspace       used 89791K, capacity 95866K, committed 96000K, reserved 1132544K
  class space    used 12100K, capacity 13231K, committed 13312K, reserved 1048576K
}
Event: 116.991 GC heap before
{Heap before GC invocations=15 (full 3):
 PSYoungGen      total 366080K, used 334429K [0x00000000d5580000, 0x00000000f0500000, 0x0000000100000000)
  eden space 329216K, 97% used [0x00000000d5580000,0x00000000e8e120b0,0x00000000e9700000)
  from space 36864K, 38% used [0x00000000e9700000,0x00000000ea505510,0x00000000ebb00000)
  to   space 34816K, 0% used [0x00000000ee300000,0x00000000ee300000,0x00000000f0500000)
 ParOldGen       total 250880K, used 79742K [0x0000000080000000, 0x000000008f500000, 0x00000000d5580000)
  object space 250880K, 31% used [0x0000000080000000,0x0000000084ddf830,0x000000008f500000)
 Metaspace       used 91941K, capacity 98322K, committed 98496K, reserved 1134592K
  class space    used 12316K, capacity 13481K, committed 13568K, reserved 1048576K
Event: 117.004 GC heap after
Heap after GC invocations=15 (full 3):
 PSYoungGen      total 392704K, used 24408K [0x00000000d5580000, 0x00000000eff80000, 0x0000000100000000)
  eden space 363520K, 0% used [0x00000000d5580000,0x00000000d5580000,0x00000000eb880000)
  from space 29184K, 83% used [0x00000000ee300000,0x00000000efad62e8,0x00000000eff80000)
  to   space 36352K, 0% used [0x00000000eb880000,0x00000000eb880000,0x00000000edc00000)
 ParOldGen       total 250880K, used 79750K [0x0000000080000000, 0x000000008f500000, 0x00000000d5580000)
  object space 250880K, 31% used [0x0000000080000000,0x0000000084de1830,0x000000008f500000)
 Metaspace       used 91941K, capacity 98322K, committed 98496K, reserved 1134592K
  class space    used 12316K, capacity 13481K, committed 13568K, reserved 1048576K
}
Event: 117.004 GC heap before
{Heap before GC invocations=16 (full 4):
 PSYoungGen      total 392704K, used 24408K [0x00000000d5580000, 0x00000000eff80000, 0x0000000100000000)
  eden space 363520K, 0% used [0x00000000d5580000,0x00000000d5580000,0x00000000eb880000)
  from space 29184K, 83% used [0x00000000ee300000,0x00000000efad62e8,0x00000000eff80000)
  to   space 36352K, 0% used [0x00000000eb880000,0x00000000eb880000,0x00000000edc00000)
 ParOldGen       total 250880K, used 79750K [0x0000000080000000, 0x000000008f500000, 0x00000000d5580000)
  object space 250880K, 31% used [0x0000000080000000,0x0000000084de1830,0x000000008f500000)
 Metaspace       used 91941K, capacity 98322K, committed 98496K, reserved 1134592K
  class space    used 12316K, capacity 13481K, committed 13568K, reserved 1048576K
Event: 117.142 GC heap after
Heap after GC invocations=16 (full 4):
 PSYoungGen      total 392704K, used 0K [0x00000000d5580000, 0x00000000eff80000, 0x0000000100000000)
  eden space 363520K, 0% used [0x00000000d5580000,0x00000000d5580000,0x00000000eb880000)
  from space 29184K, 0% used [0x00000000ee300000,0x00000000ee300000,0x00000000eff80000)
  to   space 36352K, 0% used [0x00000000eb880000,0x00000000eb880000,0x00000000edc00000)
 ParOldGen       total 392704K, used 74347K [0x0000000080000000, 0x0000000097f80000, 0x00000000d5580000)
  object space 392704K, 18% used [0x0000000080000000,0x000000008489af60,0x0000000097f80000)
 Metaspace       used 91087K, capacity 95794K, committed 98496K, reserved 1134592K
  class space    used 12042K, capacity 12997K, committed 13568K, reserved 1048576K
}
Event: 118.642 GC heap before
{Heap before GC invocations=17 (full 4):
 PSYoungGen      total 392704K, used 363520K [0x00000000d5580000, 0x00000000eff80000, 0x0000000100000000)
  eden space 363520K, 100% used [0x00000000d5580000,0x00000000eb880000,0x00000000eb880000)
  from space 29184K, 0% used [0x00000000ee300000,0x00000000ee300000,0x00000000eff80000)
  to   space 36352K, 0% used [0x00000000eb880000,0x00000000eb880000,0x00000000edc00000)
 ParOldGen       total 392704K, used 74347K [0x0000000080000000, 0x0000000097f80000, 0x00000000d5580000)
  object space 392704K, 18% used [0x0000000080000000,0x000000008489af60,0x0000000097f80000)
 Metaspace       used 100196K, capacity 107144K, committed 107264K, reserved 1142784K
  class space    used 13499K, capacity 14808K, committed 14848K, reserved 1048576K
Event: 118.692 GC heap after
Heap after GC invocations=17 (full 4):
 PSYoungGen      total 399872K, used 36336K [0x00000000d5580000, 0x00000000f7080000, 0x0000000100000000)
  eden space 363520K, 0% used [0x00000000d5580000,0x00000000d5580000,0x00000000eb880000)
  from space 36352K, 99% used [0x00000000eb880000,0x00000000edbfc340,0x00000000edc00000)
  to   space 57856K, 0% used [0x00000000f3800000,0x00000000f3800000,0x00000000f7080000)
 ParOldGen       total 392704K, used 119079K [0x0000000080000000, 0x0000000097f80000, 0x00000000d5580000)
  object space 392704K, 30% used [0x0000000080000000,0x0000000087449f20,0x0000000097f80000)
 Metaspace       used 100196K, capacity 107144K, committed 107264K, reserved 1142784K
  class space    used 13499K, capacity 14808K, committed 14848K, reserved 1048576K
}

Deoptimization events (10 events):
Event: 118.398 Thread 0x00000000276ae800 Uncommon trap: reason=unstable_if action=reinterpret pc=0x00000000060c8068 method=com.android.tools.r8.graph.g0.computeEquals(Ljava/lang/Object;)Z @ 37
Event: 118.408 Thread 0x000000001f004800 Uncommon trap: reason=unstable_if action=reinterpret pc=0x000000000624c1cc method=com.android.tools.r8.ir.optimize.l.b(Lcom/android/tools/r8/s/b/k0;)Z @ 18
Event: 118.408 Thread 0x000000001f005800 Uncommon trap: reason=unstable_if action=reinterpret pc=0x00000000061fc9fc method=java.util.TimSort.countRunAndMakeAscending([Ljava/lang/Object;IILjava/util/Comparator;)I @ 27
Event: 118.411 Thread 0x000000001f003000 Uncommon trap: reason=bimorphic action=maybe_recompile pc=0x0000000006283b18 method=com.android.tools.r8.s.a.p.u.G()Z @ 29
Event: 118.411 Thread 0x000000001f003000 Uncommon trap: reason=unloaded action=reinterpret pc=0x0000000006245148 method=com.android.tools.r8.s.a.p.u.j()Lcom/android/tools/r8/s/a/p/i; @ 0
Event: 118.412 Thread 0x000000001f003000 Uncommon trap: reason=bimorphic action=maybe_recompile pc=0x0000000006283b18 method=com.android.tools.r8.s.a.p.u.G()Z @ 29
Event: 118.439 Thread 0x000000001f003000 Uncommon trap: reason=unstable_if action=reinterpret pc=0x000000000629d9ec method=com.android.tools.r8.q.a.a.b.u0.b(I[Ljava/lang/Object;)Lcom/android/tools/r8/q/a/a/b/u0; @ 113
Event: 118.506 Thread 0x000000001f004800 Uncommon trap: reason=unstable_if action=reinterpret pc=0x0000000005a606f8 method=com.android.tools.r8.graph.Y.a([Lcom/android/tools/r8/graph/Y;Ljava/util/function/Consumer;)V @ 21
Event: 118.569 Thread 0x00000000276ab800 Uncommon trap: reason=unstable_if action=reinterpret pc=0x00000000051c833c method=com.android.tools.r8.dex.n.i()Lcom/android/tools/r8/graph/l0; @ 43
Event: 118.697 Thread 0x000000002223b000 Uncommon trap: reason=unstable_if action=reinterpret pc=0x0000000004535378 method=com.android.tools.r8.q.a.a.b.w.a(Ljava/lang/Object;I)Ljava/lang/Object; @ 1

Classes redefined (0 events):
No events

Internal exceptions (10 events):
Event: 118.533 Thread 0x0000000022234800 Exception <a 'sun/nio/fs/WindowsException'> (0x00000000e9374828) thrown at [C:\src\AOSP-openjdk-git\hotspot\src\share\vm\prims\jni.cpp, line 710]
Event: 118.533 Thread 0x0000000022234800 Exception <a 'sun/nio/fs/WindowsException'> (0x00000000e93756c0) thrown at [C:\src\AOSP-openjdk-git\hotspot\src\share\vm\prims\jni.cpp, line 710]
Event: 118.534 Thread 0x000000001f004800 Exception <a 'sun/nio/fs/WindowsException'> (0x00000000e92b08e8) thrown at [C:\src\AOSP-openjdk-git\hotspot\src\share\vm\prims\jni.cpp, line 710]
Event: 118.540 Thread 0x000000001f004800 Exception <a 'sun/nio/fs/WindowsException'> (0x00000000e948cf40) thrown at [C:\src\AOSP-openjdk-git\hotspot\src\share\vm\prims\jni.cpp, line 710]
Event: 118.564 Thread 0x0000000022234800 Exception <a 'sun/nio/fs/WindowsException'> (0x00000000e937dea0) thrown at [C:\src\AOSP-openjdk-git\hotspot\src\share\vm\prims\jni.cpp, line 710]
Event: 118.566 Thread 0x0000000022234800 Exception <a 'sun/nio/fs/WindowsException'> (0x00000000e93858d0) thrown at [C:\src\AOSP-openjdk-git\hotspot\src\share\vm\prims\jni.cpp, line 710]
Event: 118.597 Thread 0x000000001f004800 Exception <a 'sun/nio/fs/WindowsException'> (0x00000000e9494858) thrown at [C:\src\AOSP-openjdk-git\hotspot\src\share\vm\prims\jni.cpp, line 710]
Event: 118.599 Thread 0x000000001f004800 Exception <a 'sun/nio/fs/WindowsException'> (0x00000000ea860018) thrown at [C:\src\AOSP-openjdk-git\hotspot\src\share\vm\prims\jni.cpp, line 710]
Event: 118.631 Thread 0x000000001f004800 Exception <a 'sun/nio/fs/WindowsException'> (0x00000000eb55c3a8) thrown at [C:\src\AOSP-openjdk-git\hotspot\src\share\vm\prims\jni.cpp, line 710]
Event: 118.696 Thread 0x000000002223b000 Implicit null exception at 0x0000000004534cf3 to 0x0000000004535369

Events (10 events):
Event: 118.695 Executing VM operation: RevokeBias done
Event: 118.696 Thread 0x000000002223b000 Uncommon trap: trap_request=0xffffff65 fr.pc=0x0000000004535378
Event: 118.697 Thread 0x000000002223b000 DEOPT PACKING pc=0x0000000004535378 sp=0x000000003681d230
Event: 118.697 Thread 0x000000002223b000 DEOPT UNPACKING pc=0x00000000031f557b sp=0x000000003681d0f0 mode 2
Event: 118.697 loading class com/android/tools/r8/utils/Z
Event: 118.697 loading class com/android/tools/r8/utils/Z done
Event: 118.698 loading class com/google/common/util/concurrent/AbstractFuture$Failure$1
Event: 118.698 loading class com/google/common/util/concurrent/AbstractFuture$Failure$1 done
Event: 118.699 Thread 0x000000002223b000 DEOPT PACKING pc=0x0000000005f6364f sp=0x000000003681c900
Event: 118.699 Thread 0x000000002223b000 DEOPT UNPACKING pc=0x00000000031f71d0 sp=0x000000003681ca20 mode 0


Dynamic libraries:
0x00007ff7a5870000 - 0x00007ff7a58a1000 	C:\Program Files\Android\Android Studio\jre\bin\java.exe
0x00007ffcf5c50000 - 0x00007ffcf5e44000 	C:\WINDOWS\SYSTEM32\ntdll.dll
0x00007ffcf5170000 - 0x00007ffcf522d000 	C:\WINDOWS\System32\KERNEL32.DLL
0x00007ffcf3440000 - 0x00007ffcf3707000 	C:\WINDOWS\System32\KERNELBASE.dll
0x00007ffcf53e0000 - 0x00007ffcf548a000 	C:\WINDOWS\System32\ADVAPI32.dll
0x00007ffcf41d0000 - 0x00007ffcf426e000 	C:\WINDOWS\System32\msvcrt.dll
0x00007ffcf5340000 - 0x00007ffcf53db000 	C:\WINDOWS\System32\sechost.dll
0x00007ffcf42f0000 - 0x00007ffcf4413000 	C:\WINDOWS\System32\RPCRT4.dll
0x00007ffcf57b0000 - 0x00007ffcf5950000 	C:\WINDOWS\System32\USER32.dll
0x00007ffcf3c80000 - 0x00007ffcf3ca2000 	C:\WINDOWS\System32\win32u.dll
0x00007ffcf55c0000 - 0x00007ffcf55ea000 	C:\WINDOWS\System32\GDI32.dll
0x00007ffcf37c0000 - 0x00007ffcf38ca000 	C:\WINDOWS\System32\gdi32full.dll
0x00007ffcf3930000 - 0x00007ffcf39cd000 	C:\WINDOWS\System32\msvcp_win.dll
0x00007ffcf39d0000 - 0x00007ffcf3ad0000 	C:\WINDOWS\System32\ucrtbase.dll
0x00007ffcde940000 - 0x00007ffcdebda000 	C:\WINDOWS\WinSxS\amd64_microsoft.windows.common-controls_6595b64144ccf1df_6.0.19041.1_none_b555e41d4684ddec\COMCTL32.dll
0x00007ffcf5b30000 - 0x00007ffcf5b60000 	C:\WINDOWS\System32\IMM32.DLL
0x000000005a510000 - 0x000000005a5e2000 	C:\Program Files\Android\Android Studio\jre\jre\bin\msvcr100.dll
0x0000000059750000 - 0x0000000059f9b000 	C:\Program Files\Android\Android Studio\jre\jre\bin\server\jvm.dll
0x00007ffcf55f0000 - 0x00007ffcf55f8000 	C:\WINDOWS\System32\PSAPI.DLL
0x00007ffceb3e0000 - 0x00007ffceb3e9000 	C:\WINDOWS\SYSTEM32\WSOCK32.dll
0x00007ffce2090000 - 0x00007ffce20b7000 	C:\WINDOWS\SYSTEM32\WINMM.dll
0x00007ffceb980000 - 0x00007ffceb98a000 	C:\WINDOWS\SYSTEM32\VERSION.dll
0x00007ffcf5100000 - 0x00007ffcf516b000 	C:\WINDOWS\System32\WS2_32.dll
0x00007ffce7c40000 - 0x00007ffce7c4f000 	C:\Program Files\Android\Android Studio\jre\jre\bin\verify.dll
0x00007ffcdc780000 - 0x00007ffcdc7a9000 	C:\Program Files\Android\Android Studio\jre\jre\bin\java.dll
0x00007ffcde2d0000 - 0x00007ffcde2e6000 	C:\Program Files\Android\Android Studio\jre\jre\bin\zip.dll
0x00007ffcf4530000 - 0x00007ffcf4c61000 	C:\WINDOWS\System32\SHELL32.dll
0x00007ffcf14e0000 - 0x00007ffcf1c6a000 	C:\WINDOWS\SYSTEM32\windows.storage.dll
0x00007ffcf3e70000 - 0x00007ffcf41c4000 	C:\WINDOWS\System32\combase.dll
0x00007ffcf2d40000 - 0x00007ffcf2d6b000 	C:\WINDOWS\SYSTEM32\Wldp.dll
0x00007ffcf5b60000 - 0x00007ffcf5c0e000 	C:\WINDOWS\System32\SHCORE.dll
0x00007ffcf59b0000 - 0x00007ffcf5a05000 	C:\WINDOWS\System32\shlwapi.dll
0x00007ffcf32d0000 - 0x00007ffcf32ef000 	C:\WINDOWS\SYSTEM32\profapi.dll
0x00007ffcdc760000 - 0x00007ffcdc77a000 	C:\Program Files\Android\Android Studio\jre\jre\bin\net.dll
0x00007ffcf2b30000 - 0x00007ffcf2b9a000 	C:\WINDOWS\system32\mswsock.dll
0x00007ffcdc740000 - 0x00007ffcdc753000 	C:\Program Files\Android\Android Studio\jre\jre\bin\nio.dll
0x00007ffcb74f0000 - 0x00007ffcb7517000 	C:\Users\My Build\AndroidStudioProjects\android-location-services-using-livedata-lifecycle-components\native\f6784746aeab05261644944871eae4fe03e0ef1612fff0a4a95f87b438bc6780\windows-amd64\native-platform.dll
0x00007ffcdc730000 - 0x00007ffcdc73d000 	C:\Program Files\Android\Android Studio\jre\jre\bin\management.dll
0x00007ffcf2d80000 - 0x00007ffcf2d98000 	C:\WINDOWS\SYSTEM32\CRYPTSP.dll
0x00007ffcf2470000 - 0x00007ffcf24a4000 	C:\WINDOWS\system32\rsaenh.dll
0x00007ffcf3390000 - 0x00007ffcf33b7000 	C:\WINDOWS\System32\bcrypt.dll
0x00007ffcf3290000 - 0x00007ffcf32be000 	C:\WINDOWS\SYSTEM32\USERENV.dll
0x00007ffcf33c0000 - 0x00007ffcf343f000 	C:\WINDOWS\System32\bcryptprimitives.dll
0x00007ffcf2cb0000 - 0x00007ffcf2cbc000 	C:\WINDOWS\SYSTEM32\CRYPTBASE.dll
0x00007ffcf27f0000 - 0x00007ffcf282b000 	C:\WINDOWS\SYSTEM32\IPHLPAPI.DLL
0x00007ffcf4c70000 - 0x00007ffcf4c79000 	C:\WINDOWS\System32\NSI.dll
0x00007ffceb9e0000 - 0x00007ffceb9f7000 	C:\WINDOWS\SYSTEM32\dhcpcsvc6.DLL
0x00007ffcec180000 - 0x00007ffcec19d000 	C:\WINDOWS\SYSTEM32\dhcpcsvc.DLL
0x00007ffcf2840000 - 0x00007ffcf290a000 	C:\WINDOWS\SYSTEM32\DNSAPI.dll
0x00007ffcec6a0000 - 0x00007ffcec6ab000 	C:\WINDOWS\SYSTEM32\WINNSI.DLL
0x00007ffcd8c70000 - 0x00007ffcd8e54000 	C:\WINDOWS\SYSTEM32\dbghelp.dll

VM Arguments:
jvm_args: -Xmx2048m -Dfile.encoding=UTF-8 -Duser.country=US -Duser.language=en -Duser.variant 
java_command: org.gradle.launcher.daemon.bootstrap.GradleDaemon 6.5
java_class_path (initial): C:\Users\My Build\AndroidStudioProjects\android-location-services-using-livedata-lifecycle-components\wrapper\dists\gradle-6.5-all\2oz4ud9k3tuxjg84bbf55q0tn\gradle-6.5\lib\gradle-launcher-6.5.jar
Launcher Type: SUN_STANDARD

Environment Variables:
PATH=C:\Program Files\Microsoft MPI\Bin\;C:\Windows\system32;C:\Windows;C:\Windows\System32\Wbem;C:\Windows\System32\WindowsPowerShell\v1.0\;C:\Windows\System32\OpenSSH\;C:\Program Files (x86)\NVIDIA Corporation\PhysX\Common;C:\Program Files\dotnet\;C:\Program Files\Microsoft SQL Server\130\Tools\Binn\;C:\Program Files\Microsoft SQL Server\Client SDK\ODBC\130\Tools\Binn\;C:\Program Files (x86)\Microsoft SQL Server\140\Tools\Binn\;C:\Program Files\Microsoft SQL Server\140\Tools\Binn\;C:\Program Files\Microsoft SQL Server\140\DTS\Binn\;C:\Program Files\Java\jdk-11.0.2\bin;C:\Program Files\Microsoft SQL Server\Client SDK\ODBC\170\Tools\Binn\;C:\Program Files\nodejs\;C:\php;C:\Program Files (x86)\Microsoft SQL Server\150\DTS\Binn\;C:\Program Files\Git\cmd;C:\WINDOWS\system32;C:\WINDOWS;C:\WINDOWS\System32\Wbem;C:\WINDOWS\System32\WindowsPowerShell\v1.0\;C:\WINDOWS\System32\OpenSSH\;C:\Users\My Build\AppData\Roaming\npm;C:\Users\My Build\AppData\Local\atom\bin;C:\Users\My Build\.dotnet\tools;C:\Users\My Build\AppData\Local\Programs\Microsoft VS Code\bin;C:\Users\My Build\.dotnet\tools;C:\Users\My Build\AppData\Local\Microsoft\WindowsApps;
USERNAME=My Build
OS=Windows_NT
PROCESSOR_IDENTIFIER=AMD64 Family 23 Model 8 Stepping 2, AuthenticAMD



---------------  S Y S T E M  ---------------

OS: Windows 10.0 , 64 bit Build 19041 (10.0.19041.1)

CPU:total 16 (initial active 16) (16 cores per cpu, 1 threads per core) family 23 model 8 stepping 2, cmov, cx8, fxsr, mmx, sse, sse2, sse3, ssse3, sse4.1, sse4.2, popcnt, avx, avx2, aes, clmul, mmxext, 3dnowpref, lzcnt, sse4a, tsc, tscinvbit, tscinv, bmi1

Memory: 4k page, physical 16723240k(5577896k free), swap 28257576k(13806076k free)

vm_info: OpenJDK 64-Bit Server VM (25.242-b01) for windows-amd64 JRE (1.8.0_242-release-1644-b01), built by "builder" with MS VC++ 10.0 (VS2010)

time: Sat Mar 27 19:27:58 2021
timezone: Haiti Daylight Time
elapsed time: 118 seconds (0d 0h 1m 58s)

